[debug] [2022-05-19T12:41:35.187Z] ----------------------------------------------------------------------
[debug] [2022-05-19T12:41:35.188Z] Command:       /Users/thiago/.nvm/versions/node/v14.17.1/bin/node /Users/thiago/Projects/mayor/node_modules/.bin/firebase deploy --only hosting
[debug] [2022-05-19T12:41:35.188Z] CLI Version:   8.13.1
[debug] [2022-05-19T12:41:35.188Z] Platform:      darwin
[debug] [2022-05-19T12:41:35.188Z] Node Version:  v14.17.1
[debug] [2022-05-19T12:41:35.191Z] Time:          Thu May 19 2022 14:41:35 GMT+0200 (Central European Summer Time)
[debug] [2022-05-19T12:41:35.191Z] ----------------------------------------------------------------------
[debug] [2022-05-19T12:41:35.191Z] 
[debug] [2022-05-19T12:41:35.194Z] > command requires scopes: ["email","openid","https://www.googleapis.com/auth/cloudplatformprojects.readonly","https://www.googleapis.com/auth/firebase","https://www.googleapis.com/auth/cloud-platform"]
[debug] [2022-05-19T12:41:35.195Z] > authorizing via signed-in user
[debug] [2022-05-19T12:41:35.195Z] [iam] checking project mayor-22a5a for permissions ["firebase.projects.get","firebasehosting.sites.update"]
[debug] [2022-05-19T12:41:35.196Z] >>> HTTP REQUEST POST https://cloudresourcemanager.googleapis.com/v1/projects/mayor-22a5a:testIamPermissions  
 {"permissions":["firebase.projects.get","firebasehosting.sites.update"]}
[debug] [2022-05-19T12:41:36.315Z] <<< HTTP RESPONSE 200 {"content-type":"application/json; charset=UTF-8","vary":"X-Origin, Referer, Origin,Accept-Encoding","date":"Thu, 19 May 2022 12:41:36 GMT","server":"ESF","cache-control":"private","x-xss-protection":"0","x-frame-options":"SAMEORIGIN","x-content-type-options":"nosniff","server-timing":"gfet4t7; dur=687","alt-svc":"h3=\":443\"; ma=2592000,h3-29=\":443\"; ma=2592000,h3-Q050=\":443\"; ma=2592000,h3-Q046=\":443\"; ma=2592000,h3-Q043=\":443\"; ma=2592000,quic=\":443\"; ma=2592000; v=\"46,43\"","accept-ranges":"none","transfer-encoding":"chunked"}
[debug] [2022-05-19T12:41:36.317Z] >>> HTTP REQUEST GET https://firebase.googleapis.com/v1beta1/projects/mayor-22a5a  
 
[debug] [2022-05-19T12:41:36.837Z] <<< HTTP RESPONSE 200 {"content-type":"application/json; charset=UTF-8","vary":"X-Origin, Referer, Origin,Accept-Encoding","date":"Thu, 19 May 2022 12:41:36 GMT","server":"ESF","cache-control":"private","x-xss-protection":"0","x-frame-options":"SAMEORIGIN","x-content-type-options":"nosniff","alt-svc":"h3=\":443\"; ma=2592000,h3-29=\":443\"; ma=2592000,h3-Q050=\":443\"; ma=2592000,h3-Q046=\":443\"; ma=2592000,h3-Q043=\":443\"; ma=2592000,quic=\":443\"; ma=2592000; v=\"46,43\"","accept-ranges":"none","transfer-encoding":"chunked"}
[warn] ⚠  functions: package.json indicates an outdated version of firebase-functions.
Please upgrade using npm install --save firebase-functions@latest in your functions directory. 
[info] 
[info] === Deploying to 'mayor-22a5a'...
[info] 
[info] i  deploying hosting 
[debug] [2022-05-19T12:41:38.543Z] >>> HTTP REQUEST POST https://firebasehosting.googleapis.com/v1beta1/sites/mayor-22a5a/versions  
 {"config":{"rewrites":[{"glob":"**","path":"/index.html"}],"headers":[{"glob":"*.[0-9a-f][0-9a-f][0-9a-f][0-9a-f][0-9a-f][0-9a-f][0-9a-f][0-9a-f][0-9a-f][0-9a-f][0-9a-f][0-9a-f][0-9a-f][0-9a-f][0-9a-f][0-9a-f][0-9a-f][0-9a-f][0-9a-f][0-9a-f].+(css|js)","headers":{"Cache-Control":"public,max-age=31536000,immutable"}}]},"labels":{"deployment-tool":"cli-firebase"}}
[debug] [2022-05-19T12:41:40.506Z] <<< HTTP RESPONSE 200 {"content-type":"application/json; charset=UTF-8","vary":"X-Origin, Referer, Origin,Accept-Encoding","date":"Thu, 19 May 2022 12:41:40 GMT","server":"ESF","cache-control":"private","x-xss-protection":"0","x-frame-options":"SAMEORIGIN","x-content-type-options":"nosniff","alt-svc":"h3=\":443\"; ma=2592000,h3-29=\":443\"; ma=2592000,h3-Q050=\":443\"; ma=2592000,h3-Q046=\":443\"; ma=2592000,h3-Q043=\":443\"; ma=2592000,quic=\":443\"; ma=2592000; v=\"46,43\"","accept-ranges":"none","transfer-encoding":"chunked"}
[info] i  hosting[mayor-22a5a]: beginning deploy... 
[info] i  hosting[mayor-22a5a]: found 77 files in dist/mayor 
[debug] [2022-05-19T12:41:40.626Z] [hosting] hash cache [ZGlzdC9tYXlvcg] stored for 77 files
[debug] [2022-05-19T12:41:40.627Z] [hosting][hash queue][FINAL] {"max":92,"min":16,"avg":47.376623376623385,"active":0,"complete":77,"success":77,"errored":0,"retried":0,"total":77,"elapsed":107}
[debug] [2022-05-19T12:41:40.627Z] >>> HTTP REQUEST POST https://firebasehosting.googleapis.com/v1beta1/sites/mayor-22a5a/versions/3ff32016974e84ce:populateFiles  
 <request body omitted>
